<?xml version="1.0" encoding="UTF-8"?>
<!-- Generated by org.testng.reporters.JUnitReportReporter -->
<testsuite hostname="DESKTOP-CH0U6N3" failures="0" tests="3" name="testng.AnnotationSample2" time="0.026" errors="0" timestamp="2022-12-29T17:37:59 IST" skipped="0">
  <testcase classname="testng.AnnotationSample2" name="m" time="0.003"/>
  <system-out/>
  <testcase classname="testng.AnnotationSample2" name="f" time="0.009"/>
  <system-out/>
  <testcase classname="testng.AnnotationSample2" name="b" time="0.014"/>
  <system-out/>
</testsuite> <!-- testng.AnnotationSample2 -->
