<?xml version="1.0" encoding="UTF-8"?>
<!-- Generated by org.testng.reporters.JUnitReportReporter -->
<testsuite hostname="DESKTOP-CH0U6N3" failures="0" tests="1" name="testng.Irctc_login" time="47.484" errors="0" timestamp="2022-12-29T21:19:02 IST" skipped="0">
  <testcase classname="testng.Irctc_login" name="Irctclogin" time="47.484"/>
  <system-out/>
</testsuite> <!-- testng.Irctc_login -->
