<?xml version="1.0" encoding="UTF-8"?>
<!-- Generated by org.testng.reporters.JUnitReportReporter -->
<testsuite hostname="DESKTOP-CH0U6N3" failures="0" tests="1" name="testng.FaceBooklogin" time="23.300" errors="0" timestamp="2022-12-26T09:23:51 IST" skipped="0">
  <testcase classname="testng.FaceBooklogin" name="f" time="23.300"/>
  <system-out/>
</testsuite> <!-- testng.FaceBooklogin -->
