<?xml version="1.0" encoding="UTF-8"?>
<!-- Generated by org.testng.reporters.JUnitReportReporter -->
<testsuite hostname="DESKTOP-CH0U6N3" failures="0" tests="1" name="testng.JRI_Signin" time="35.959" errors="0" timestamp="2022-12-29T19:21:06 IST" skipped="0">
  <testcase classname="testng.JRI_Signin" name="Signin" time="35.959"/>
  <system-out/>
</testsuite> <!-- testng.JRI_Signin -->
