<?xml version="1.0" encoding="UTF-8"?>
<!-- Generated by org.testng.reporters.JUnitReportReporter -->
<testsuite hostname="DESKTOP-CH0U6N3" failures="0" tests="1" name="testng.H2o_Practice_Page" time="38.506" errors="0" timestamp="2022-12-27T17:30:26 IST" skipped="0">
  <testcase classname="testng.H2o_Practice_Page" name="H2oPracticePage" time="38.506"/>
  <system-out/>
</testsuite> <!-- testng.H2o_Practice_Page -->
