<?xml version="1.0" encoding="UTF-8"?>
<!-- Generated by org.testng.reporters.JUnitReportReporter -->
<testsuite hostname="DESKTOP-CH0U6N3" failures="0" tests="1" name="testng.GetAll_Pages_Webelements" time="11.649" errors="0" timestamp="2022-12-27T15:56:10 IST" skipped="0">
  <testcase classname="testng.GetAll_Pages_Webelements" name="Hyperlinks" time="11.649"/>
  <system-out/>
</testsuite> <!-- testng.GetAll_Pages_Webelements -->
