<?xml version="1.0" encoding="UTF-8"?>
<!-- Generated by org.testng.reporters.JUnitReportReporter -->
<testsuite hostname="DESKTOP-CH0U6N3" failures="0" tests="3" name="testng.AnnotationSample1" time="18.638" errors="0" timestamp="2022-12-29T17:37:59 IST" skipped="0">
  <testcase classname="testng.AnnotationSample1" name="fblogin" time="18.575"/>
  <system-out/>
  <testcase classname="testng.AnnotationSample1" name="add" time="0.059"/>
  <system-out/>
  <testcase classname="testng.AnnotationSample1" name="sub" time="0.004"/>
  <system-out/>
</testsuite> <!-- testng.AnnotationSample1 -->
